<?xml version="1.0" encoding="UTF-8"?>
<!-- Generated by org.testng.reporters.JUnitReportReporter -->
<testsuite hostname="dell-PC" name="psn.lotus.wechat.TemplateTest" tests="2" failures="0" timestamp="19 Jan 2016 05:22:53 GMT" time="0.852" errors="0">
  <testcase name="testGet" time="0.675" classname="psn.lotus.wechat.TemplateTest"/>
  <testcase name="testSend" time="0.177" classname="psn.lotus.wechat.TemplateTest"/>
</testsuite> <!-- psn.lotus.wechat.TemplateTest -->
